Build started 3.10.2016 16:18:35.
     1>Project "C:\Users\aleksiluo1\Desktop\SFML-projects\SFMLProjects\Tsakki\Tsakki.vcxproj" on node 2 (Build target(s)).
     1>ClCompile:
         C:\Program Files (x86)\Microsoft Visual Studio 12.0\VC\bin\CL.exe /c /I"C:\Users\aleksiluo1\Desktop\SFML-projects\SFMLProjects\Dependencies\include" /ZI /nologo /W3 /WX- /sdl /Od /Oy- /D SFML_STATIC /D _MBCS /Gm /EHsc /RTC1 /MDd /GS /fp:precise /Zc:wchar_t /Zc:forScope /Fo"Debug\\" /Fd"Debug\vc120.pdb" /Gd /TP /analyze- /errorReport:prompt Game.cpp GameStateManager.cpp InGame.cpp Table.cpp main.cpp
         Table.cpp
         InGame.cpp
     1>c:\users\aleksiluo1\desktop\sfml-projects\sfmlprojects\tsakki\ingame.cpp(31): error C3861: 'Move': identifier not found
     1>c:\users\aleksiluo1\desktop\sfml-projects\sfmlprojects\tsakki\ingame.cpp(38): error C3861: 'Move': identifier not found
     1>c:\users\aleksiluo1\desktop\sfml-projects\sfmlprojects\tsakki\ingame.cpp(68): error C2065: 'movementDone' : undeclared identifier
     1>c:\users\aleksiluo1\desktop\sfml-projects\sfmlprojects\tsakki\ingame.cpp(84): error C2059: syntax error : ')'
         Game.cpp
         Generating Code...
         Compiling...
         main.cpp
         GameStateManager.cpp
         Generating Code...
     1>Done Building Project "C:\Users\aleksiluo1\Desktop\SFML-projects\SFMLProjects\Tsakki\Tsakki.vcxproj" (Build target(s)) -- FAILED.

Build FAILED.

Time Elapsed 00:00:02.32
